[23-11-2011][07:54:59] Le fichier de contr&ocirc;leur <strong>../app/front/controller/page-controller.php</strong> n'existe pas.
[23-11-2011][08:03:26] Le fichier de contr&ocirc;leur <strong>../app/front/controller/page-controller.php</strong> n'existe pas.
[23-11-2011][08:03:26] Le fichier de contr&ocirc;leur <strong>../app/front/controller/page-controller.php</strong> n'existe pas.
[24-11-2011][05:53:33] Le fichier de contr&ocirc;leur <strong>../app/back/controller/template-controller.php</strong> n'existe pas.
[24-11-2011][07:31:52] Le fichier de contr&ocirc;leur <strong>../app/front/controller/page-controller.php</strong> n'existe pas.
[25-11-2011][04:31:09] Le fichier de contr&ocirc;leur <strong>../app/front/controller/page-controller.php</strong> n'existe pas.
[26-11-2011][05:02:19] Le fichier de contr&ocirc;leur <strong>../app/front/controller/page-controller.php</strong> n'existe pas.
[26-11-2011][09:37:27] Le fichier de contr&ocirc;leur <strong>../app/front/controller/page-controller.php</strong> n'existe pas.
[28-11-2011][12:04:52] Impossible de trouver l'action <strong>start</strong> pour le contr&ocirc;leur <strong>ini</strong> dans le fichier <strong>../app/config/controller/ini-controller.php</strong>.
[29-11-2011][01:23:00] Le fichier de contr&ocirc;leur <strong>../app/front/controller/page-controller.php</strong> n'existe pas.
[29-11-2011][01:23:00] Le fichier de contr&ocirc;leur <strong>../app/front/controller/page-controller.php</strong> n'existe pas.
[29-11-2011][01:23:00] Le fichier de contr&ocirc;leur <strong>../app/front/controller/page-controller.php</strong> n'existe pas.
[29-11-2011][01:23:00] Le fichier de contr&ocirc;leur <strong>../app/front/controller/page-controller.php</strong> n'existe pas.
[29-11-2011][01:23:00] Le fichier de contr&ocirc;leur <strong>../app/front/controller/page-controller.php</strong> n'existe pas.
[29-11-2011][01:23:00] Le fichier de contr&ocirc;leur <strong>../app/front/controller/page-controller.php</strong> n'existe pas.
[29-11-2011][01:23:00] Le fichier de contr&ocirc;leur <strong>../app/front/controller/page-controller.php</strong> n'existe pas.
[29-11-2011][01:23:00] Le fichier de contr&ocirc;leur <strong>../app/front/controller/page-controller.php</strong> n'existe pas.
[29-11-2011][01:23:00] Le fichier de contr&ocirc;leur <strong>../app/front/controller/page-controller.php</strong> n'existe pas.
[29-11-2011][01:23:00] Le fichier de contr&ocirc;leur <strong>../app/front/controller/page-controller.php</strong> n'existe pas.
[29-11-2011][01:23:00] Le fichier de contr&ocirc;leur <strong>../app/front/controller/page-controller.php</strong> n'existe pas.
[29-11-2011][01:23:00] Le fichier de contr&ocirc;leur <strong>../app/front/controller/page-controller.php</strong> n'existe pas.
[29-11-2011][01:23:00] Le fichier de contr&ocirc;leur <strong>../app/front/controller/page-controller.php</strong> n'existe pas.
[29-11-2011][01:23:01] Le fichier de contr&ocirc;leur <strong>../app/front/controller/page-controller.php</strong> n'existe pas.
[29-11-2011][01:23:01] Le fichier de contr&ocirc;leur <strong>../app/front/controller/page-controller.php</strong> n'existe pas.
[29-11-2011][01:23:01] Le fichier de contr&ocirc;leur <strong>../app/front/controller/page-controller.php</strong> n'existe pas.
[29-11-2011][11:55:31] Le fichier de contr&ocirc;leur <strong>../app/front/controller/page-controller.php</strong> n'existe pas.
[29-11-2011][11:55:32] Le fichier de contr&ocirc;leur <strong>../app/front/controller/page-controller.php</strong> n'existe pas.
[29-11-2011][11:55:33] Le fichier de contr&ocirc;leur <strong>../app/front/controller/page-controller.php</strong> n'existe pas.
[29-11-2011][11:55:34] Le fichier de contr&ocirc;leur <strong>../app/front/controller/page-controller.php</strong> n'existe pas.
[29-11-2011][11:55:36] Le fichier de contr&ocirc;leur <strong>../app/front/controller/page-controller.php</strong> n'existe pas.
[29-11-2011][11:55:37] Le fichier de contr&ocirc;leur <strong>../app/front/controller/page-controller.php</strong> n'existe pas.
[29-11-2011][11:55:38] Le fichier de contr&ocirc;leur <strong>../app/front/controller/page-controller.php</strong> n'existe pas.
[29-11-2011][11:55:41] Le fichier de contr&ocirc;leur <strong>../app/front/controller/page-controller.php</strong> n'existe pas.
[29-11-2011][11:55:42] Le fichier de contr&ocirc;leur <strong>../app/front/controller/page-controller.php</strong> n'existe pas.
[29-11-2011][11:55:45] Le fichier de contr&ocirc;leur <strong>../app/front/controller/page-controller.php</strong> n'existe pas.
[29-11-2011][11:55:46] Le fichier de contr&ocirc;leur <strong>../app/front/controller/page-controller.php</strong> n'existe pas.
[29-11-2011][11:56:15] Le fichier de contr&ocirc;leur <strong>../app/front/controller/page-controller.php</strong> n'existe pas.
[29-11-2011][11:56:17] Le fichier de contr&ocirc;leur <strong>../app/front/controller/page-controller.php</strong> n'existe pas.
[29-11-2011][11:56:23] Le fichier de contr&ocirc;leur <strong>../app/front/controller/page-controller.php</strong> n'existe pas.
[29-11-2011][11:56:24] Le fichier de contr&ocirc;leur <strong>../app/front/controller/page-controller.php</strong> n'existe pas.
[29-11-2011][11:56:25] Le fichier de contr&ocirc;leur <strong>../app/front/controller/page-controller.php</strong> n'existe pas.
[30-11-2011][11:32:38] Le fichier de contr&ocirc;leur <strong>../app/front/controller/page-controller.php</strong> n'existe pas.
[02-12-2011][04:12:12] La classe de contr&ocirc;leur <strong>paramController</strong> n'existe pas.
[02-12-2011][04:20:21] Impossible de trouver l'action <strong>load</strong> pour le contr&ocirc;leur <strong>param</strong> dans le fichier <strong>../app/config/controller/param-controller.php</strong>.
[02-12-2011][04:22:31] Impossible de trouver l'action <strong>load</strong> pour le contr&ocirc;leur <strong>param</strong> dans le fichier <strong>../app/config/controller/param-controller.php</strong>.
[02-12-2011][04:28:03] Impossible de trouver l'action <strong>load</strong> pour le contr&ocirc;leur <strong>param</strong> dans le fichier <strong>../app/config/controller/param-controller.php</strong>.
[02-12-2011][04:32:32] Impossible de trouver l'action <strong>load</strong> pour le contr&ocirc;leur <strong>param</strong> dans le fichier <strong>../app/config/controller/param-controller.php</strong>.
[05-12-2011][08:12:16] Le fichier de contr&ocirc;leur <strong>../app/front/controller/page-controller.php</strong> n'existe pas.
[05-12-2011][11:50:28] Le fichier de contr&ocirc;leur <strong>../app/front/controller/page-controller.php</strong> n'existe pas.
[05-12-2011][11:50:28] Le fichier de contr&ocirc;leur <strong>../app/front/controller/page-controller.php</strong> n'existe pas.
[09-12-2011][05:53:31] Le fichier de contr&ocirc;leur <strong>../app/front/controller/page-controller.php</strong> n'existe pas.
[09-12-2011][05:53:31] Le fichier de contr&ocirc;leur <strong>../app/front/controller/page-controller.php</strong> n'existe pas.
[09-12-2011][05:53:31] Le fichier de contr&ocirc;leur <strong>../app/front/controller/page-controller.php</strong> n'existe pas.
[09-12-2011][05:53:31] Le fichier de contr&ocirc;leur <strong>../app/front/controller/page-controller.php</strong> n'existe pas.
[09-12-2011][05:53:31] Le fichier de contr&ocirc;leur <strong>../app/front/controller/page-controller.php</strong> n'existe pas.
[09-12-2011][05:53:31] Le fichier de contr&ocirc;leur <strong>../app/front/controller/page-controller.php</strong> n'existe pas.
[09-12-2011][05:53:31] Le fichier de contr&ocirc;leur <strong>../app/front/controller/page-controller.php</strong> n'existe pas.
[09-12-2011][05:53:31] Le fichier de contr&ocirc;leur <strong>../app/front/controller/page-controller.php</strong> n'existe pas.
[12-12-2011][01:16:28] Le fichier de contr&ocirc;leur <strong>../app/config/controller/project-controller.php</strong> n'existe pas.
[12-12-2011][02:18:35] Impossible de trouver l'action <strong>create</strong> pour le contr&ocirc;leur <strong>project</strong> dans le fichier <strong>../app/config/controller/project-controller.php</strong>.
[12-12-2011][12:51:53] Le fichier de contr&ocirc;leur <strong>../app/config/controller/param-controller.php</strong> n'existe pas.
[12-12-2011][12:52:13] Le fichier de contr&ocirc;leur <strong>../app/config/controller/param-controller.php</strong> n'existe pas.
[12-12-2011][12:52:19] Le fichier de contr&ocirc;leur <strong>../app/config/controller/param-controller.php</strong> n'existe pas.
[12-12-2011][05:06:34] Le fichier de contr&ocirc;leur <strong>../app/front/controller/page-controller.php</strong> n'existe pas.
[12-12-2011][05:07:02] Le fichier de contr&ocirc;leur <strong>../app/front/controller/page-controller.php</strong> n'existe pas.
[12-12-2011][05:36:20] Le fichier de contr&ocirc;leur <strong>../app/config/controller/param-controller.php</strong> n'existe pas.
[12-12-2011][09:00:58] Le fichier de contr&ocirc;leur <strong>../app/config/controller/deployment-controller.php</strong> n'existe pas.
